[2025-02-03 17:26:32] [INFO] PHP starter
[2025-02-03 17:26:32] [INFO] попытка доступа к базен данных
[2025-02-03 17:28:54] [INFO] PHP starter
[2025-02-03 17:28:54] [INFO] попытка доступа к базен данных
[2025-02-03 17:30:04] [INFO] PHP starter
[2025-02-03 17:30:04] [INFO] попытка доступа к базен данных
[2025-02-03 17:49:27] [INFO] PHP starter
[2025-02-03 17:49:59] [INFO] PHP starter
[2025-02-03 17:52:42] [INFO] PHP starter
[2025-02-03 17:53:09] [INFO] PHP starter
[2025-02-03 17:53:47] [INFO] PHP starter
[2025-02-03 17:53:57] [INFO] PHP starter
[2025-02-03 17:54:19] [INFO] PHP starter
[2025-02-03 17:55:03] [INFO] PHP starter
[2025-02-03 17:55:03] [INFO] попытка доступа к базен данных
[2025-02-03 17:58:18] [INFO] PHP starter
[2025-02-03 17:58:18] [INFO] попытка доступа к базен данных
[2025-02-03 18:02:37] [INFO] PHP starter
[2025-02-03 18:02:37] [INFO] попытка доступа к базен данных
[2025-02-03 18:04:10] [INFO] PHP starter
[2025-02-03 18:04:10] [INFO] попытка доступа к базен данных
[2025-02-03 18:04:31] [INFO] PHP starter
[2025-02-03 18:04:31] [INFO] попытка доступа к базен данных
[2025-02-03 18:08:39] [INFO] PHP starter
[2025-02-03 18:08:39] [INFO] попытка доступа к базен данных
[2025-02-06 18:21:46] [INFO] PHP starter
[2025-02-06 18:21:46] [INFO] попытка доступа к базен данных
[2025-04-14 18:08:03] [INFO] PHP starter
[2025-04-14 18:08:03] [INFO] попытка доступа к базен данных
[2025-04-17 18:22:25] [INFO] PHP starter
[2025-04-17 18:22:25] [INFO] попытка доступа к базен данных
[2025-04-17 18:46:18] [INFO] registration
[2025-04-17 18:46:18] [INFO] попытка доступа к базен данных
[2025-04-17 18:49:52] [INFO] registration
[2025-04-17 18:49:52] [INFO] попытка доступа к базен данных
[2025-04-17 18:56:53] [INFO] registration
[2025-04-17 19:01:40] [INFO] registration
[2025-04-17 19:01:40] [INFO] config.php connected
[2025-04-17 19:02:18] [INFO] registration
[2025-04-17 19:02:18] [INFO] config.php connected
[2025-04-17 19:05:53] [INFO] registration
[2025-04-17 19:05:53] [INFO] config.php connected
[2025-04-17 19:09:49] [INFO] registration
[2025-04-17 19:09:49] [INFO] config.php connected
[2025-04-17 19:10:03] [INFO] registration
[2025-04-17 19:10:03] [INFO] config.php connected
[2025-04-17 19:10:52] [INFO] registration
[2025-04-17 19:10:52] [INFO] config.php connected
[2025-04-17 19:14:33] [INFO] registration
[2025-04-17 19:14:33] [INFO] config.php connected
[2025-04-17 19:16:24] [INFO] registration
[2025-04-17 19:16:24] [INFO] config.php connected
[2025-04-17 19:16:24] [INFO] попытка доступа к базен данных
[2025-04-17 19:16:47] [INFO] registration
[2025-04-17 19:16:47] [INFO] config.php connected
[2025-04-17 19:16:47] [INFO] попытка доступа к базен данных
[2025-04-17 19:32:10] [INFO] login
[2025-04-17 19:32:10] [INFO] config.php connected
[2025-04-17 19:32:10] [INFO] попытка доступа к базен данных
[2025-04-17 19:32:45] [INFO] login
[2025-04-17 19:32:45] [INFO] config.php connected
[2025-04-17 19:32:45] [INFO] попытка доступа к базен данных
[2025-04-17 19:36:01] [INFO] login
[2025-04-17 19:36:01] [INFO] config.php connected
[2025-04-17 19:36:01] [INFO] попытка доступа к базен данных
[2025-04-17 19:37:53] [INFO] login
[2025-04-17 19:37:53] [INFO] config.php connected
[2025-04-17 19:37:53] [INFO] попытка доступа к базен данных
[2025-04-17 19:38:25] [INFO] login
[2025-04-17 19:38:25] [INFO] config.php connected
[2025-04-17 19:38:25] [INFO] попытка доступа к базен данных
[2025-04-17 19:38:38] [INFO] login
[2025-04-17 19:38:38] [INFO] config.php connected
[2025-04-17 19:38:38] [INFO] попытка доступа к базен данных
[2025-04-17 19:39:59] [INFO] login
[2025-04-17 19:39:59] [INFO] config.php connected
[2025-04-17 19:39:59] [INFO] попытка доступа к базен данных
